This is pdfTeX, Version 3.1415926-2.3-1.40.12 (MiKTeX 2.9) (preloaded format=pdflatex 2012.3.17)  17 JAN 2013 07:17
entering extended mode
**Hausarbeit.tex
("D:\Hochschule\WS 12 13\Streaming Media\Hausarbeit\Hausarbeit.tex"
LaTeX2e <2011/06/27>
Babel <v3.8m> and hyphenation patterns for english, afrikaans, ancientgreek, ar
abic, armenian, assamese, basque, bengali, bokmal, bulgarian, catalan, coptic, 
croatian, czech, danish, dutch, esperanto, estonian, farsi, finnish, french, ga
lician, german, german-x-2009-06-19, greek, gujarati, hindi, hungarian, iceland
ic, indonesian, interlingua, irish, italian, kannada, kurmanji, lao, latin, lat
vian, lithuanian, malayalam, marathi, mongolian, mongolianlmc, monogreek, ngerm
an, ngerman-x-2009-06-19, nynorsk, oriya, panjabi, pinyin, polish, portuguese, 
romanian, russian, sanskrit, serbian, slovak, slovenian, spanish, swedish, swis
sgerman, tamil, telugu, turkish, turkmen, ukenglish, ukrainian, uppersorbian, u
senglishmax, welsh, loaded.
("D:\Hochschule\WS 12 13\Streaming Media\Hausarbeit\header.tex"
(C:\Users\Martin\AppData\Roaming\MiKTeX\2.9\tex\latex\koma-script\scrbook.cls
Document Class: scrbook 2012/03/08 v3.10a KOMA-Script document class (book)
(C:\Users\Martin\AppData\Roaming\MiKTeX\2.9\tex\latex\koma-script\scrkbase.sty
Package: scrkbase 2012/03/08 v3.10a KOMA-Script package (KOMA-Script-dependent 
basics and keyval usage)

(C:\Users\Martin\AppData\Roaming\MiKTeX\2.9\tex\latex\koma-script\scrbase.sty
Package: scrbase 2012/03/08 v3.10a KOMA-Script package (KOMA-Script-independent
 basics and keyval usage)

("C:\Program Files (x86)\MiKTeX 2.9\tex\latex\graphics\keyval.sty"
Package: keyval 1999/03/16 v1.13 key=value parser (DPC)
\KV@toks@=\toks14
)
(C:\Users\Martin\AppData\Roaming\MiKTeX\2.9\tex\latex\koma-script\scrlfile.sty
Package: scrlfile 2011/03/09 v3.09 KOMA-Script package (loading files)

Package scrlfile, 2011/03/09 v3.09 KOMA-Script package (loading files)
                  Copyright (C) Markus Kohm

)))
(C:\Users\Martin\AppData\Roaming\MiKTeX\2.9\tex\latex\koma-script\tocbasic.sty
Package: tocbasic 2011/05/30 v3.09a KOMA-Script package (handling toc-files)
)
Package tocbasic Info: omitting babel extension for `toc'
(tocbasic)             because of feature `nobabel' available
(tocbasic)             for `toc' on input line 117.
Package tocbasic Info: omitting babel extension for `lof'
(tocbasic)             because of feature `nobabel' available
(tocbasic)             for `lof' on input line 118.
Package tocbasic Info: omitting babel extension for `lot'
(tocbasic)             because of feature `nobabel' available
(tocbasic)             for `lot' on input line 119.
Package scrbook Info: You've used obsolete option `12pt'.
(scrbook)             \KOMAExecuteOptions{fontsize=12pt} will be
(scrbook)             used instead.
(scrbook)             You may simply replace `12pt'
(scrbook)             by `fontsize=12pt'.
Class scrbook Info: You've used standard option `oneside'.
(scrbook)           This is correct!
(scrbook)           Internally I'm using `twoside=false'.
(scrbook)           If you'd like to set the option with \KOMAoptions,
(scrbook)           you'd have to use `twoside=false' there
(scrbook)           instead of `oneside', too.
Class scrbook Info: You've used standard option `openany'.
(scrbook)           This is correct!
(scrbook)           Internally I'm using `open=any'.
(scrbook)           If you'd like to set the option with \KOMAoptions,
(scrbook)           you'd have to use `open=any' there
(scrbook)           instead of `openany', too.
Class scrbook Info: File `scrsize12pt.clo' used to setup font sizes on input li
ne 1364.

(C:\Users\Martin\AppData\Roaming\MiKTeX\2.9\tex\latex\koma-script\scrsize12pt.c
lo
File: scrsize12pt.clo 2012/03/08 v3.10a KOMA-Script font size class option (12p
t)
)
(C:\Users\Martin\AppData\Roaming\MiKTeX\2.9\tex\latex\koma-script\typearea.sty
Package: typearea 2012/03/08 v3.10a KOMA-Script package (type area)

Package typearea, 2012/03/08 v3.10a KOMA-Script package (type area)
                  Copyright (C) Frank Neukam, 1992-1994
                  Copyright (C) Markus Kohm, 1994-

\ta@bcor=\skip41
\ta@div=\count79
Package typearea Info: You've used standard option `oneside'.
(typearea)             This is correct!
(typearea)             Internally I'm using `twoside=false'.
(typearea)             If you'd like to set the option with \KOMAoptions,
(typearea)             you'd have to use `twoside=false' there
(typearea)             instead of `oneside', too.
Package typearea Info: You've used standard option `pdftex'.
(typearea)             This is correct!
(typearea)             Internally I'm using `pagesize=pdftex'.
(typearea)             If you'd like to set the option with \KOMAoptions,
(typearea)             you'd have to use `pagesize=pdftex' there
(typearea)             instead of `pdftex', too.
Package typearea Info: You've used standard option `a4paper'.
(typearea)             This is correct!
(typearea)             Internally I'm using `paper=a4'.
(typearea)             If you'd like to set the option with \KOMAoptions,
(typearea)             you'd have to use `paper=a4' there
(typearea)             instead of `a4paper', too.
\ta@hblk=\skip42
\ta@vblk=\skip43
\ta@temp=\skip44
DIV calculation for typearea with good linewidth.
Package typearea Info: These are the values describing the layout:
(typearea)             DIV  = 9
(typearea)             BCOR = 0.0pt
(typearea)             \paperwidth      = 597.50793pt
(typearea)              \textwidth      = 398.33862pt
(typearea)              DIV departure   = 0%
(typearea)              \evensidemargin = 27.31467pt
(typearea)              \oddsidemargin  = 27.31467pt
(typearea)             \paperheight     = 845.04694pt
(typearea)              \textheight     = 577.5pt
(typearea)              \topmargin      = -18.25089pt
(typearea)              \headheight     = 18.125pt
(typearea)              \headsep        = 21.75pt
(typearea)              \topskip        = 12.0pt
(typearea)              \footskip       = 50.75pt
(typearea)              \baselineskip   = 14.5pt
(typearea)              on input line 1177.
)
\c@part=\count80
\c@chapter=\count81
\c@section=\count82
\c@subsection=\count83
\c@subsubsection=\count84
\c@paragraph=\count85
\c@subparagraph=\count86
\abovecaptionskip=\skip45
\belowcaptionskip=\skip46
\c@pti@nb@sid@b@x=\box26
\c@figure=\count87
\c@table=\count88
\bibindent=\dimen102
) ("C:\Program Files (x86)\MiKTeX 2.9\tex\latex\geometry\geometry.sty"
Package: geometry 2010/09/12 v5.6 Page Geometry

("C:\Program Files (x86)\MiKTeX 2.9\tex\generic\oberdiek\ifpdf.sty"
Package: ifpdf 2011/01/30 v2.3 Provides the ifpdf switch (HO)
Package ifpdf Info: pdfTeX in PDF mode is detected.
)
("C:\Program Files (x86)\MiKTeX 2.9\tex\generic\oberdiek\ifvtex.sty"
Package: ifvtex 2010/03/01 v1.5 Switches for detecting VTeX and its modes (HO)
Package ifvtex Info: VTeX not detected.
)
("C:\Program Files (x86)\MiKTeX 2.9\tex\generic\ifxetex\ifxetex.sty"
Package: ifxetex 2010/09/12 v0.6 Provides ifxetex conditional
)
\Gm@cnth=\count89
\Gm@cntv=\count90
\c@Gm@tempcnt=\count91
\Gm@bindingoffset=\dimen103
\Gm@wd@mp=\dimen104
\Gm@odd@mp=\dimen105
\Gm@even@mp=\dimen106
\Gm@layoutwidth=\dimen107
\Gm@layoutheight=\dimen108
\Gm@layouthoffset=\dimen109
\Gm@layoutvoffset=\dimen110
\Gm@dimlist=\toks15

("C:\Program Files (x86)\MiKTeX 2.9\tex\latex\geometry\geometry.cfg"))
(C:\Users\Martin\AppData\Roaming\MiKTeX\2.9\tex\latex\setspace\setspace.sty
Package: setspace 2011/12/19 v6.7a set line spacing
)
("C:\Program Files (x86)\MiKTeX 2.9\tex\latex\ltxmisc\parskip.sty"
Package: parskip 2001/04/09 non-zero parskip adjustments
)
("C:\Program Files (x86)\MiKTeX 2.9\tex\latex\graphics\graphicx.sty"
Package: graphicx 1999/02/16 v1.0f Enhanced LaTeX Graphics (DPC,SPQR)

("C:\Program Files (x86)\MiKTeX 2.9\tex\latex\graphics\graphics.sty"
Package: graphics 2009/02/05 v1.0o Standard LaTeX Graphics (DPC,SPQR)

("C:\Program Files (x86)\MiKTeX 2.9\tex\latex\graphics\trig.sty"
Package: trig 1999/03/16 v1.09 sin cos tan (DPC)
)
("C:\Program Files (x86)\MiKTeX 2.9\tex\latex\00miktex\graphics.cfg"
File: graphics.cfg 2007/01/18 v1.5 graphics configuration of teTeX/TeXLive
)
Package graphics Info: Driver file: pdftex.def on input line 91.

("C:\Program Files (x86)\MiKTeX 2.9\tex\latex\pdftex-def\pdftex.def"
File: pdftex.def 2011/05/27 v0.06d Graphics/color for pdfTeX

("C:\Program Files (x86)\MiKTeX 2.9\tex\generic\oberdiek\infwarerr.sty"
Package: infwarerr 2010/04/08 v1.3 Providing info/warning/message (HO)
)
("C:\Program Files (x86)\MiKTeX 2.9\tex\generic\oberdiek\ltxcmds.sty"
Package: ltxcmds 2011/04/18 v1.20 LaTeX kernel commands for general use (HO)
)
\Gread@gobject=\count92
))
\Gin@req@height=\dimen111
\Gin@req@width=\dimen112
)
("C:\Program Files (x86)\MiKTeX 2.9\tex\generic\babel\babel.sty"
Package: babel 2008/07/08 v3.8m The Babel package

*************************************
* Local config file bblopts.cfg used
*
("C:\Program Files (x86)\MiKTeX 2.9\tex\latex\00miktex\bblopts.cfg"
File: bblopts.cfg 2006/07/31 v1.0 MiKTeX 'babel' configuration
)
("C:\Program Files (x86)\MiKTeX 2.9\tex\generic\babel\ngermanb.ldf"
Language: ngermanb 2008/07/06 v2.6n new German support from the babel system

("C:\Program Files (x86)\MiKTeX 2.9\tex\generic\babel\babel.def"
File: babel.def 2008/07/08 v3.8m Babel common definitions
\babel@savecnt=\count93
\U@D=\dimen113
)
\l@naustrian = a dialect from \language\l@ngerman 
Package babel Info: Making " an active character on input line 92.
))
("C:\Program Files (x86)\MiKTeX 2.9\tex\latex\base\inputenc.sty"
Package: inputenc 2008/03/30 v1.1d Input encoding file
\inpenc@prehook=\toks16
\inpenc@posthook=\toks17

("C:\Program Files (x86)\MiKTeX 2.9\tex\latex\base\latin1.def"
File: latin1.def 2008/03/30 v1.1d Input encoding file
))
("C:\Program Files (x86)\MiKTeX 2.9\tex\latex\lm\lmodern.sty"
Package: lmodern 2009/10/30 v1.6 Latin Modern Fonts
LaTeX Font Info:    Overwriting symbol font `operators' in version `normal'
(Font)                  OT1/cmr/m/n --> OT1/lmr/m/n on input line 22.
LaTeX Font Info:    Overwriting symbol font `letters' in version `normal'
(Font)                  OML/cmm/m/it --> OML/lmm/m/it on input line 23.
LaTeX Font Info:    Overwriting symbol font `symbols' in version `normal'
(Font)                  OMS/cmsy/m/n --> OMS/lmsy/m/n on input line 24.
LaTeX Font Info:    Overwriting symbol font `largesymbols' in version `normal'
(Font)                  OMX/cmex/m/n --> OMX/lmex/m/n on input line 25.
LaTeX Font Info:    Overwriting symbol font `operators' in version `bold'
(Font)                  OT1/cmr/bx/n --> OT1/lmr/bx/n on input line 26.
LaTeX Font Info:    Overwriting symbol font `letters' in version `bold'
(Font)                  OML/cmm/b/it --> OML/lmm/b/it on input line 27.
LaTeX Font Info:    Overwriting symbol font `symbols' in version `bold'
(Font)                  OMS/cmsy/b/n --> OMS/lmsy/b/n on input line 28.
LaTeX Font Info:    Overwriting symbol font `largesymbols' in version `bold'
(Font)                  OMX/cmex/m/n --> OMX/lmex/m/n on input line 29.
LaTeX Font Info:    Overwriting math alphabet `\mathbf' in version `normal'
(Font)                  OT1/cmr/bx/n --> OT1/lmr/bx/n on input line 31.
LaTeX Font Info:    Overwriting math alphabet `\mathsf' in version `normal'
(Font)                  OT1/cmss/m/n --> OT1/lmss/m/n on input line 32.
LaTeX Font Info:    Overwriting math alphabet `\mathit' in version `normal'
(Font)                  OT1/cmr/m/it --> OT1/lmr/m/it on input line 33.
LaTeX Font Info:    Overwriting math alphabet `\mathtt' in version `normal'
(Font)                  OT1/cmtt/m/n --> OT1/lmtt/m/n on input line 34.
LaTeX Font Info:    Overwriting math alphabet `\mathbf' in version `bold'
(Font)                  OT1/cmr/bx/n --> OT1/lmr/bx/n on input line 35.
LaTeX Font Info:    Overwriting math alphabet `\mathsf' in version `bold'
(Font)                  OT1/cmss/bx/n --> OT1/lmss/bx/n on input line 36.
LaTeX Font Info:    Overwriting math alphabet `\mathit' in version `bold'
(Font)                  OT1/cmr/bx/it --> OT1/lmr/bx/it on input line 37.
LaTeX Font Info:    Overwriting math alphabet `\mathtt' in version `bold'
(Font)                  OT1/cmtt/m/n --> OT1/lmtt/m/n on input line 38.
)
("C:\Program Files (x86)\MiKTeX 2.9\tex\latex\base\fontenc.sty"
Package: fontenc 2005/09/27 v1.99g Standard LaTeX package

("C:\Program Files (x86)\MiKTeX 2.9\tex\latex\base\t1enc.def"
File: t1enc.def 2005/09/27 v1.99g Standard LaTeX file
LaTeX Font Info:    Redeclaring font encoding T1 on input line 43.
))
(C:\Users\Martin\AppData\Roaming\MiKTeX\2.9\tex\latex\fancyhdr\fancyhdr.sty
\fancy@headwidth=\skip47
\f@ncyO@elh=\skip48
\f@ncyO@erh=\skip49
\f@ncyO@olh=\skip50
\f@ncyO@orh=\skip51
\f@ncyO@elf=\skip52
\f@ncyO@erf=\skip53
\f@ncyO@olf=\skip54
\f@ncyO@orf=\skip55
)

Package Fancyhdr Warning: \fancyhead's `E' option without twoside option is use
less on input line 37.


Package Fancyhdr Warning: \fancyhead's `E' option without twoside option is use
less on input line 40.

(C:\Users\Martin\AppData\Roaming\MiKTeX\2.9\tex\latex\blindtext\blindtext.sty
Package: blindtext 2012/01/06 V2.0 blindtext-Package

("C:\Program Files (x86)\MiKTeX 2.9\tex\latex\tools\xspace.sty"
Package: xspace 2009/10/20 v1.13 Space after command names (DPC,MH)
)
\c@blindtext=\count94
\c@Blindtext=\count95
\c@blind@countparstart=\count96
\blind@countxx=\count97
\blindtext@numBlindtext=\count98
\blind@countyy=\count99
\c@blindlist=\count100
\c@blindlistlevel=\count101
\c@blindlist@level=\count102
\blind@listitem=\count103
\c@blind@listcount=\count104
\c@blind@levelcount=\count105
\blind@mathformula=\count106
\blind@Mathformula=\count107
\c@blind@randomcount=\count108
\c@blind@randommax=\count109
\c@blind@pangramcount=\count110
\c@blind@pangrammax=\count111
)
("C:\Program Files (x86)\MiKTeX 2.9\tex\latex\float\float.sty"
Package: float 2001/11/08 v1.3d Float enhancements (AL)
\c@float@type=\count112
\float@exts=\toks18
\float@box=\box27
\@float@everytoks=\toks19
\@floatcapt=\box28
)
\@float@every@table=\toks20

(C:\Users\Martin\AppData\Roaming\MiKTeX\2.9\tex\latex\wrapfig\wrapfig.sty
\wrapoverhang=\dimen114
\WF@size=\dimen115
\c@WF@wrappedlines=\count113
\WF@box=\box29
\WF@everypar=\toks21
Package: wrapfig 2003/01/31  v 3.6
)
(C:\Users\Martin\AppData\Roaming\MiKTeX\2.9\tex\latex\listings\listings.sty
\lst@mode=\count114
\lst@gtempboxa=\box30
\lst@token=\toks22
\lst@length=\count115
\lst@currlwidth=\dimen116
\lst@column=\count116
\lst@pos=\count117
\lst@lostspace=\dimen117
\lst@width=\dimen118
\lst@newlines=\count118
\lst@lineno=\count119
\lst@maxwidth=\dimen119

(C:\Users\Martin\AppData\Roaming\MiKTeX\2.9\tex\latex\listings\lstmisc.sty
File: lstmisc.sty 2007/02/22 1.4 (Carsten Heinz)
\c@lstnumber=\count120
\lst@skipnumbers=\count121
\lst@framebox=\box31
)
(C:\Users\Martin\AppData\Roaming\MiKTeX\2.9\tex\latex\listings\listings.cfg
File: listings.cfg 2007/02/22 1.4 listings configuration
))
Package: listings 2007/02/22 1.4 (Carsten Heinz)

("C:\Program Files (x86)\MiKTeX 2.9\tex\latex\ltxmisc\url.sty"
\Urlmuskip=\muskip10
Package: url 2006/04/12  ver 3.3  Verb mode for urls, etc.
)
(C:\Users\Martin\AppData\Roaming\MiKTeX\2.9\tex\latex\caption\caption.sty
Package: caption 2012/02/19 v3.2f Customizing captions (AR)

(C:\Users\Martin\AppData\Roaming\MiKTeX\2.9\tex\latex\caption\caption3.sty
Package: caption3 2012/01/12 v1.4b caption3 kernel (AR)
\captionmargin=\dimen120
\captionmargin@=\dimen121
\captionwidth=\dimen122
\caption@indent=\dimen123
\caption@parindent=\dimen124
\caption@hangindent=\dimen125
)
Package caption Info: KOMA-Script document class.
\c@ContinuedFloat=\count122
Package caption Info: float package is loaded.
Package caption Info: listings package is loaded.
Package caption Info: wrapfig package is loaded.
)
(C:\Users\Martin\AppData\Roaming\MiKTeX\2.9\tex\latex\caption\subcaption.sty
Package: subcaption 2012/01/12 v1.1d Sub-captions (AR)
\c@subfigure=\count123
\c@subtable=\count124
)
(C:\Users\Martin\AppData\Roaming\MiKTeX\2.9\tex\latex\endnotes\endnotes.sty
\c@endnote=\count125
\endnotesep=\dimen126
\@enotes=\write3
)
(C:\Users\Martin\AppData\Roaming\MiKTeX\2.9\tex\latex\chngcntr\chngcntr.sty
Package: chngcntr 2009/09/02 v1.0a change counter resetting
))
(C:\Users\Martin\AppData\Roaming\MiKTeX\2.9\tex\latex\biblatex\biblatex.sty
Package: biblatex 2012/10/29 v2.3 programmable bibliographies (PK/JW/AB)

(C:\Users\Martin\AppData\Roaming\MiKTeX\2.9\tex\latex\biblatex\biblatex1.sty
Package: biblatex1 2012/10/29 v2.3 programmable bibliographies (bibtex) (PK/JW/
AB)

(C:\Users\Martin\AppData\Roaming\MiKTeX\2.9\tex\latex\etoolbox\etoolbox.sty
Package: etoolbox 2011/01/03 v2.1 e-TeX tools for LaTeX

("C:\Program Files (x86)\MiKTeX 2.9\tex\latex\misc\etex.sty"
Package: etex 1998/03/26 v2.0 eTeX basic definition package (PEB)
\et@xins=\count126
)
\etb@tempcnta=\count127
)
(C:\Users\Martin\AppData\Roaming\MiKTeX\2.9\tex\latex\logreq\logreq.sty
Package: logreq 2010/08/04 v1.0 xml request logger
\lrq@indent=\count128

(C:\Users\Martin\AppData\Roaming\MiKTeX\2.9\tex\latex\logreq\logreq.def
File: logreq.def 2010/08/04 v1.0 logreq spec v1.0
))
("C:\Program Files (x86)\MiKTeX 2.9\tex\latex\base\ifthen.sty"
Package: ifthen 2001/05/26 v1.1c Standard LaTeX ifthen package (DPC)
)
\c@tabx@nest=\count129
\c@listtotal=\count130
\c@listcount=\count131
\c@liststart=\count132
\c@liststop=\count133
\c@citecount=\count134
\c@citetotal=\count135
\c@multicitecount=\count136
\c@multicitetotal=\count137
\c@instcount=\count138
\c@maxnames=\count139
\c@minnames=\count140
\c@maxitems=\count141
\c@minitems=\count142
\c@citecounter=\count143
\c@savedcitecounter=\count144
\c@uniquelist=\count145
\c@uniquename=\count146
\c@refsection=\count147
\c@refsegment=\count148
\c@maxextrayear=\count149
\c@maxextraalpha=\count150
\c@abbrvpenalty=\count151
\c@highnamepenalty=\count152
\c@lownamepenalty=\count153
\c@maxparens=\count154
\c@parenlevel=\count155
\blx@tempcnta=\count156
\blx@tempcntb=\count157
\blx@tempcntc=\count158
\blx@maxsection=\count159
\blx@maxsegment=\count160
\blx@notetype=\count161
\blx@parenlevel@text=\count162
\blx@parenlevel@foot=\count163
\labelnumberwidth=\skip56
\labelalphawidth=\skip57
\shorthandwidth=\skip58
\biblabelsep=\skip59
\bibitemsep=\skip60
\bibnamesep=\skip61
\bibinitsep=\skip62
\bibparsep=\skip63
\bibhang=\skip64
\blx@auxin=\read1
\blx@auxout=\write4
\c@mincomprange=\count164
\c@maxcomprange=\count165
\c@mincompwidth=\count166
\c@labelname=\count167
\c@savedlabelname=\count168
\c@author=\count169
\c@savedauthor=\count170
\c@shortauthor=\count171
\c@savedshortauthor=\count172
\c@editor=\count173
\c@savededitor=\count174
\c@editora=\count175
\c@savededitora=\count176
\c@editorb=\count177
\c@savededitorb=\count178
\c@editorc=\count179
\c@savededitorc=\count180
\c@shorteditor=\count181
\c@savedshorteditor=\count182
\c@bookauthor=\count183
\c@savedbookauthor=\count184
\c@translator=\count185
\c@savedtranslator=\count186
\c@annotator=\count187
\c@savedannotator=\count188
\c@commentator=\count189
\c@savedcommentator=\count190
\c@introduction=\count191
\c@savedintroduction=\count192
\c@foreword=\count193
\c@savedforeword=\count194
\c@afterword=\count195
\c@savedafterword=\count196
\c@holder=\count197
\c@savedholder=\count198
\c@namea=\count199
\c@savednamea=\count200
\c@nameb=\count201
\c@savednameb=\count202
\c@namec=\count203
\c@savednamec=\count204
\c@institution=\count205
\c@savedinstitution=\count206
\c@language=\count207
\c@savedlanguage=\count208
\c@location=\count209
\c@savedlocation=\count210
\c@organization=\count211
\c@savedorganization=\count212
\c@origlocation=\count213
\c@savedoriglocation=\count214
\c@origpublisher=\count215
\c@savedorigpublisher=\count216
\c@pageref=\count217
\c@savedpageref=\count218
\c@publisher=\count219
\c@savedpublisher=\count220
\c@lista=\count221
\c@savedlista=\count222
\c@listb=\count223
\c@savedlistb=\count224
\c@listc=\count225
\c@savedlistc=\count226
\c@listd=\count227
\c@savedlistd=\count228
\c@liste=\count229
\c@savedliste=\count230
\c@listf=\count231
\c@savedlistf=\count232
Package biblatex Info: Trying to load compatibility code...
Package biblatex Info: ... file 'blx-compat.def' found.

(C:\Users\Martin\AppData\Roaming\MiKTeX\2.9\tex\latex\biblatex\blx-compat.def
File: blx-compat.def 2012/10/29 v2.3 biblatex compatibility (PK/JW/AB)
)
Package biblatex Info: Trying to load generic definitions...
Package biblatex Info: ... file 'biblatex.def' found.

(C:\Users\Martin\AppData\Roaming\MiKTeX\2.9\tex\latex\biblatex\biblatex.def
File: biblatex.def 
\c@biburlnumpenalty=\count233
Normal \count register pool exhausted, switching to extended pool.
\c@biburlucpenalty=\count277
\c@biburllcpenalty=\count278
\c@smartand=\count279
)
Package biblatex Info: Trying to load bibliography style 'numeric'...
Package biblatex Info: ... file 'numeric.bbx' found.

(C:\Users\Martin\AppData\Roaming\MiKTeX\2.9\tex\latex\biblatex\bbx\numeric.bbx
File: numeric.bbx 2012/10/29 v2.3 biblatex bibliography style (PK/JW/AB)
Package biblatex Info: Trying to load bibliography style 'standard'...
Package biblatex Info: ... file 'standard.bbx' found.

(C:\Users\Martin\AppData\Roaming\MiKTeX\2.9\tex\latex\biblatex\bbx\standard.bbx
File: standard.bbx 2012/10/29 v2.3 biblatex bibliography style (PK/JW/AB)
\c@bbx:relatedcount=\count280
\c@bbx:relatedtotal=\count281
))
Package biblatex Info: Trying to load citation style 'numeric'...
Package biblatex Info: ... file 'numeric.cbx' found.

(C:\Users\Martin\AppData\Roaming\MiKTeX\2.9\tex\latex\biblatex\cbx\numeric.cbx
File: numeric.cbx 2012/10/29 v2.3 biblatex citation style (PK/JW/AB)
Package biblatex Info: Redefining '\cite'.
Package biblatex Info: Redefining '\parencite'.
Package biblatex Info: Redefining '\footcite'.
Package biblatex Info: Redefining '\footcitetext'.
Package biblatex Info: Redefining '\smartcite'.
Package biblatex Info: Redefining '\textcite'.
Package biblatex Info: Redefining '\supercite'.
Package biblatex Info: Redefining '\cites'.
Package biblatex Info: Redefining '\parencites'.
Package biblatex Info: Redefining '\smartcites'.
)
Package biblatex Info: Trying to load configuration file...
Package biblatex Info: ... file 'biblatex.cfg' found.
(C:\Users\Martin\AppData\Roaming\MiKTeX\2.9\tex\latex\biblatex\biblatex.cfg
File: biblatex.cfg 
)))
Package biblatex Info: Trying to load language 'ngerman'...
Package biblatex Info: ... file 'ngerman.lbx' found.

(C:\Users\Martin\AppData\Roaming\MiKTeX\2.9\tex\latex\biblatex\lbx\ngerman.lbx
File: ngerman.lbx 2012/10/29 v2.3 biblatex localization (PK/JW/AB)
Package biblatex Info: Trying to load language 'german'...
Package biblatex Info: ... file 'german.lbx' found.

(C:\Users\Martin\AppData\Roaming\MiKTeX\2.9\tex\latex\biblatex\lbx\german.lbx
File: german.lbx 2012/10/29 v2.3 biblatex localization (PK/JW/AB)
))

Package biblatex Warning: 'babel' detected but 'csquotes' missing.
(biblatex)                Loading 'csquotes' recommended.

\@quotelevel=\count282
\@quotereset=\count283
("D:\Hochschule\WS 12 13\Streaming Media\Hausarbeit\Hausarbeit.aux"
("D:\Hochschule\WS 12 13\Streaming Media\Hausarbeit\deckblatt.aux")

LaTeX Warning: Label `fig:h264enkoder' multiply defined.


LaTeX Warning: Label `Encoder' multiply defined.


LaTeX Warning: Label `Encoder' multiply defined.


LaTeX Warning: Label `Encoder' multiply defined.


LaTeX Warning: Label `Encoder' multiply defined.

)
LaTeX Font Info:    Checking defaults for OML/cmm/m/it on input line 14.
LaTeX Font Info:    ... okay on input line 14.
LaTeX Font Info:    Checking defaults for T1/cmr/m/n on input line 14.
LaTeX Font Info:    ... okay on input line 14.
LaTeX Font Info:    Checking defaults for OT1/cmr/m/n on input line 14.
LaTeX Font Info:    ... okay on input line 14.
LaTeX Font Info:    Checking defaults for OMS/cmsy/m/n on input line 14.
LaTeX Font Info:    ... okay on input line 14.
LaTeX Font Info:    Checking defaults for OMX/cmex/m/n on input line 14.
LaTeX Font Info:    ... okay on input line 14.
LaTeX Font Info:    Checking defaults for U/cmr/m/n on input line 14.
LaTeX Font Info:    ... okay on input line 14.
LaTeX Font Info:    Try loading font information for T1+lmr on input line 14.
 ("C:\Program Files (x86)\MiKTeX 2.9\tex\latex\lm\t1lmr.fd"
File: t1lmr.fd 2009/10/30 v1.6 Font defs for Latin Modern
)
*geometry* detected driver: pdftex
*geometry* verbose mode - [ preamble ] result:
* driver: pdftex
* paper: a4paper
* layout: <same size as paper>
* layoutoffset:(h,v)=(0.0pt,0.0pt)
* modes: includehead includefoot 
* h-part:(L,W,R)=(68.57124pt, 460.36539pt, 68.57124pt)
* v-part:(T,H,B)=(68.57124pt, 707.90436pt, 68.57124pt)
* \paperwidth=597.50787pt
* \paperheight=845.04684pt
* \textwidth=460.36539pt
* \textheight=617.27936pt
* \oddsidemargin=-3.69875pt
* \evensidemargin=-3.69875pt
* \topmargin=-3.69875pt
* \headheight=18.125pt
* \headsep=21.75pt
* \topskip=12.0pt
* \footskip=50.75pt
* \marginparwidth=66.38977pt
* \marginparsep=12.8401pt
* \columnsep=10.0pt
* \skip\footins=10.8pt plus 4.0pt minus 2.0pt
* \hoffset=0.0pt
* \voffset=0.0pt
* \mag=1000
* \@twocolumnfalse
* \@twosidefalse
* \@mparswitchfalse
* \@reversemarginfalse
* (1in=72.27pt=25.4mm, 1cm=28.453pt)

(C:\Users\Martin\AppData\Roaming\MiKTeX\2.9\tex\context\base\supp-pdf.mkii
[Loading MPS to PDF converter (version 2006.09.02).]
\scratchcounter=\count284
\scratchdimen=\dimen127
\scratchbox=\box32
\nofMPsegments=\count285
\nofMParguments=\count286
\everyMPshowfont=\toks23
\MPscratchCnt=\count287
\MPscratchDim=\dimen128
\MPnumerator=\count288
\makeMPintoPDFobject=\count289
\everyMPtoPDFconversion=\toks24
)
\c@lstlisting=\count290
Package caption Info: Begin \AtBeginDocument code.
Package caption Info: End \AtBeginDocument code.
Package biblatex Info: Input encoding 'latin1' detected.
Package biblatex Info: Automatic encoding selection.
(biblatex)             Assuming data encoding 'latin1'.


Package biblatex Warning: Data encoding is 'latin1'.
(biblatex)                Use backend=bibtex8 or backend=biber.

Package biblatex Info: Trying to load bibliographic data...
Package biblatex Info: ... file 'Hausarbeit.bbl' found.
("D:\Hochschule\WS 12 13\Streaming Media\Hausarbeit\Hausarbeit.bbl")
Package biblatex Info: Reference section=0 on input line 14.
Package biblatex Info: Reference segment=0 on input line 14.

("D:\Hochschule\WS 12 13\Streaming Media\Hausarbeit\deckblatt.tex"
<bilder/logo.jpg, id=1, 830.10126pt x 274.02374pt>
File: bilder/logo.jpg Graphic file (type jpg)
 <use bilder/logo.jpg>
Package pdftex.def Info: bilder/logo.jpg used on input line 7.
(pdftex.def)             Requested size: 184.14334pt x 60.78716pt.

[1




{C:/Users/Martin/AppData/Local/MiKTeX/2.9/pdftex/config/pdftex.map} <D:/Hochsch
ule/WS 12 13/Streaming Media/Hausarbeit/bilder/logo.jpg>])
LaTeX Font Info:    Try loading font information for T1+lmss on input line 19.

("C:\Program Files (x86)\MiKTeX 2.9\tex\latex\lm\t1lmss.fd"
File: t1lmss.fd 2009/10/30 v1.6 Font defs for Latin Modern
)
("D:\Hochschule\WS 12 13\Streaming Media\Hausarbeit\Hausarbeit.toc"
LaTeX Font Info:    Try loading font information for OT1+lmr on input line 11.

("C:\Program Files (x86)\MiKTeX 2.9\tex\latex\lm\ot1lmr.fd"
File: ot1lmr.fd 2009/10/30 v1.6 Font defs for Latin Modern
)
LaTeX Font Info:    Try loading font information for OML+lmm on input line 11.

("C:\Program Files (x86)\MiKTeX 2.9\tex\latex\lm\omllmm.fd"
File: omllmm.fd 2009/10/30 v1.6 Font defs for Latin Modern
)
LaTeX Font Info:    Try loading font information for OMS+lmsy on input line 11.


("C:\Program Files (x86)\MiKTeX 2.9\tex\latex\lm\omslmsy.fd"
File: omslmsy.fd 2009/10/30 v1.6 Font defs for Latin Modern
)
LaTeX Font Info:    Try loading font information for OMX+lmex on input line 11.


("C:\Program Files (x86)\MiKTeX 2.9\tex\latex\lm\omxlmex.fd"
File: omxlmex.fd 2009/10/30 v1.6 Font defs for Latin Modern
)
LaTeX Font Info:    External font `lmex10' loaded for size
(Font)              <12> on input line 11.
LaTeX Font Info:    External font `lmex10' loaded for size
(Font)              <8> on input line 11.
LaTeX Font Info:    External font `lmex10' loaded for size
(Font)              <6> on input line 11.
 [2




]
! Undefined control sequence.
<argument> \@Alpha 
                   \c@page 
l.63 ...A}Abbildungsverzeichnis}{\@Alpha \c@page }
                                                  
The control sequence at the end of the top line
of your error message was never \def'ed. If you have
misspelled it (e.g., `\hobx'), type `I' and the correct
spelling (e.g., `I\hbox'). Otherwise just continue,
and I'll forget about whatever was undefined.

! Missing number, treated as zero.
<to be read again> 
                   }
l.63 ...A}Abbildungsverzeichnis}{\@Alpha \c@page }
                                                  
A number should have been here; I inserted `0'.
(If you can't figure out why I needed to see a number,
look up `weird error' in the index to The TeXbook.)

! Undefined control sequence.
<argument> \@Alpha 
                   \c@page 
l.65 ...numberline {B}Literatur}{\@Alpha \c@page }
                                                  
The control sequence at the end of the top line
of your error message was never \def'ed. If you have
misspelled it (e.g., `\hobx'), type `I' and the correct
spelling (e.g., `I\hbox'). Otherwise just continue,
and I'll forget about whatever was undefined.

! Missing number, treated as zero.
<to be read again> 
                   }
l.65 ...numberline {B}Literatur}{\@Alpha \c@page }
                                                  
A number should have been here; I inserted `0'.
(If you can't figure out why I needed to see a number,
look up `weird error' in the index to The TeXbook.)

)
\tf@toc=\write5
 [1]
Kapitel 1.

Class scrbook Warning: \float@addtolists detected!
(scrbook)              You should use the features of package `tocbasic'
(scrbook)              instead of \float@addtolists.
(scrbook)              Support for \float@addtolists may be removed from
(scrbook)              `scrbook' soon .

[1

] [2]
Kapitel 2.
[3

] [4]
Kapitel 3.
LaTeX Font Info:    External font `lmex10' loaded for size
(Font)              <10> on input line 133.
LaTeX Font Info:    External font `lmex10' loaded for size
(Font)              <7> on input line 133.
LaTeX Font Info:    External font `lmex10' loaded for size
(Font)              <5> on input line 133.
[5

] <bilder/typesOfLayers.jpg, id=32, 2489.3pt x 1245.65375pt>
File: bilder/typesOfLayers.jpg Graphic file (type jpg)

<use bilder/typesOfLayers.jpg>
Package pdftex.def Info: bilder/typesOfLayers.jpg used on input line 150.
(pdftex.def)             Requested size: 437.3457pt x 218.84799pt.


! Package inputenc Error: Keyboard character used is undefined
(inputenc)                in inputencoding `latin1'.

See the inputenc package documentation for explanation.
Type  H <return>  for immediate help.
 ...                                              
                                                  
l.164 z.\,B. Spatio–
                    temporale Enhancementlayer \parencite[2]{SchwarzNeu.2007}.
You need to provide a definition with \DeclareInputText 
or \DeclareInputMath before using this key.

[6 <D:/Hochschule/WS 12 13/Streaming Media/Hausarbeit/bilder/typesOfLayers.jpg>
] [7] <bilder/h264codec.pdf, id=43, 426.79451pt x 190.21063pt>
File: bilder/h264codec.pdf Graphic file (type pdf)

<use bilder/h264codec.pdf>
Package pdftex.def Info: bilder/h264codec.pdf used on input line 211.
(pdftex.def)             Requested size: 460.36539pt x 205.1777pt.
 [8 <D:/Hochschule/WS 12 13/Streaming Media/Hausarbeit/bilder/h264codec.pdf>]
<bilder/svc_layer2.jpg, id=70, 1815.78375pt x 478.78876pt>
File: bilder/svc_layer2.jpg Graphic file (type jpg)

<use bilder/svc_layer2.jpg>
Package pdftex.def Info: bilder/svc_layer2.jpg used on input line 246.
(pdftex.def)             Requested size: 437.3457pt x 115.32076pt.
 [9 <D:/Hochschule/WS 12 13/Streaming Media/Hausarbeit/bilder/svc_layer2.jpg>]
<bilder/base2enhancementlayer.jpg, id=74, 1852.9225pt x 441.65pt>
File: bilder/base2enhancementlayer.jpg Graphic file (type jpg)

<use bilder/base2enhancementlayer.jpg>
Package pdftex.def Info: bilder/base2enhancementlayer.jpg used on input line 26
7.
(pdftex.def)             Requested size: 437.3457pt x 104.23927pt.
 [10 <D:/Hochschule/WS 12 13/Streaming Media/Hausarbeit/bilder/base2enhancement
layer.jpg>]
<bilder/decode_base2enhancementlayer.jpg, id=79, 1852.9225pt x 441.65pt>
File: bilder/decode_base2enhancementlayer.jpg Graphic file (type jpg)

<use bilder/decode_base2enhancementlayer.jpg>
Package pdftex.def Info: bilder/decode_base2enhancementlayer.jpg used on input 
line 296.
(pdftex.def)             Requested size: 437.3457pt x 104.23927pt.

<bilder/svc_temporal.jpg, id=80, 1027.84pt x 294.09875pt>
File: bilder/svc_temporal.jpg Graphic file (type jpg)

<use bilder/svc_temporal.jpg>
Package pdftex.def Info: bilder/svc_temporal.jpg used on input line 325.
(pdftex.def)             Requested size: 437.3457pt x 125.14064pt.
 [11 <D:/Hochschule/WS 12 13/Streaming Media/Hausarbeit/bilder/decode_base2enha
ncementlayer.jpg>] [12 <D:/Hochschule/WS 12 13/Streaming Media/Hausarbeit/bilde
r/svc_temporal.jpg>]
<bilder/mpegDashSVC.jpg, id=87, 2362.8275pt x 1005.7575pt>
File: bilder/mpegDashSVC.jpg Graphic file (type jpg)

<use bilder/mpegDashSVC.jpg>
Package pdftex.def Info: bilder/mpegDashSVC.jpg used on input line 376.
(pdftex.def)             Requested size: 455.76425pt x 193.99641pt.
 [13 <D:/Hochschule/WS 12 13/Streaming Media/Hausarbeit/bilder/mpegDashSVC.jpg>
] [14]
Kapitel 4.
! Missing $ inserted.
<inserted text> 
                $
l.424 			\textbf{Modulname}&jsvm oder jsvm_
                                           red \\
I've inserted a begin-math/end-math symbol since I think
you left one out. Proceed, with fingers crossed.

! Missing $ inserted.
<inserted text> 
                $
l.425 	\end
           {tabular}
I've inserted a begin-math/end-math symbol since I think
you left one out. Proceed, with fingers crossed.

[15

]
LaTeX Font Info:    Try loading font information for T1+lmtt on input line 443.

 ("C:\Program Files (x86)\MiKTeX 2.9\tex\latex\lm\t1lmtt.fd"
File: t1lmtt.fd 2009/10/30 v1.6 Font defs for Latin Modern
)
<bilder/encoder/inputvideo.jpg, id=99, 2341.74875pt x 981.6675pt>
File: bilder/encoder/inputvideo.jpg Graphic file (type jpg)

<use bilder/encoder/inputvideo.jpg>
Package pdftex.def Info: bilder/encoder/inputvideo.jpg used on input line 449.
(pdftex.def)             Requested size: 460.36539pt x 192.97472pt.
 [16 <D:/Hochschule/WS 12 13/Streaming Media/Hausarbeit/bilder/encoder/inputvid
eo.jpg>]
<bilder/encoder/downconvert.jpg, id=105, 713.66624pt x 369.38pt>
File: bilder/encoder/downconvert.jpg Graphic file (type jpg)

<use bilder/encoder/downconvert.jpg>
Package pdftex.def Info: bilder/encoder/downconvert.jpg used on input line 472.

(pdftex.def)             Requested size: 414.32603pt x 214.44908pt.
 [17 <D:/Hochschule/WS 12 13/Streaming Media/Hausarbeit/bilder/encoder/downconv
ert.jpg>]

! Package inputenc Error: Keyboard character used is undefined
(inputenc)                in inputencoding `latin1'.

See the inputenc package documentation for explanation.
Type  H <return>  for immediate help.
 ...                                              
                                                  
l.520 $\textbf{H264AVCEncoderLibTestStaticd}$ –pf 
                                                  Konfigurationsdatei.cfg
You need to provide a definition with \DeclareInputText 
or \DeclareInputMath before using this key.

[18] <bilder/encoder/encoderDone2.jpg, id=113, 732.7375pt x 400.49625pt>
File: bilder/encoder/encoderDone2.jpg Graphic file (type jpg)

<use bilder/encoder/encoderDone2.jpg>
Package pdftex.def Info: bilder/encoder/encoderDone2.jpg used on input line 533
.
(pdftex.def)             Requested size: 414.32603pt x 226.46413pt.

<bilder/encoder/dekodieren.jpg, id=114, 712.6625pt x 380.42125pt>
File: bilder/encoder/dekodieren.jpg Graphic file (type jpg)

<use bilder/encoder/dekodieren.jpg>
Package pdftex.def Info: bilder/encoder/dekodieren.jpg used on input line 550.
(pdftex.def)             Requested size: 414.32603pt x 221.16689pt.
 [19 <D:/Hochschule/WS 12 13/Streaming Media/Hausarbeit/bilder/encoder/encoderD
one2.jpg>]
<bilder/encoder/bitstreamdebug.jpg, id=118, 722.7pt x 394.47375pt>
File: bilder/encoder/bitstreamdebug.jpg Graphic file (type jpg)

<use bilder/encoder/bitstreamdebug.jpg>
Package pdftex.def Info: bilder/encoder/bitstreamdebug.jpg used on input line 5
67.
(pdftex.def)             Requested size: 414.32603pt x 226.15251pt.


! Package inputenc Error: Keyboard character used is undefined
(inputenc)                in inputencoding `latin1'.

See the inputenc package documentation for explanation.
Type  H <return>  for immediate help.
 ...                                              
                                                  
l.577 ...icd}$ InputDatei.svc OutputDatei.svc –sl 
                                                  5
You need to provide a definition with \DeclareInputText 
or \DeclareInputMath before using this key.

<bilder/encoder/layerextrahiert.jpg, id=119, 720.6925pt x 379.4175pt>
File: bilder/encoder/layerextrahiert.jpg Graphic file (type jpg)

<use bilder/encoder/layerextrahiert.jpg>
Package pdftex.def Info: bilder/encoder/layerextrahiert.jpg used on input line 
584.
(pdftex.def)             Requested size: 414.32603pt x 218.12283pt.
 [20 <D:/Hochschule/WS 12 13/Streaming Media/Hausarbeit/bilder/encoder/dekodier
en.jpg>] [21 <D:/Hochschule/WS 12 13/Streaming Media/Hausarbeit/bilder/encoder/
bitstreamdebug.jpg>] [22 <D:/Hochschule/WS 12 13/Streaming Media/Hausarbeit/bil
der/encoder/layerextrahiert.jpg>]
! You can't use `macro parameter character #' in horizontal mode.
l.644 ...ten und Client-Anforderungen anzupassen.#
                                                  
Sorry, but I'm not programmed to handle this case;
I'll just pretend that you didn't ask for it.
If you're in the wrong mode, you might be able to
return to the right one by typing `I}' or `I$' or `I\par'.

<bilder/projekt/player.png, id=130, 399.4925pt x 202.7575pt>
File: bilder/projekt/player.png Graphic file (type png)

<use bilder/projekt/player.png>
Package pdftex.def Info: bilder/projekt/player.png used on input line 653.
(pdftex.def)             Requested size: 276.22203pt x 140.19983pt.
 [23]
<bilder/projekt/framework.png, id=135, 642.4pt x 300.12125pt>
File: bilder/projekt/framework.png Graphic file (type png)

<use bilder/projekt/framework.png>
Package pdftex.def Info: bilder/projekt/framework.png used on input line 670.
(pdftex.def)             Requested size: 345.27403pt x 161.31203pt.
 [24 <D:/Hochschule/WS 12 13/Streaming Media/Hausarbeit/bilder/projekt/player.p
ng> <D:/Hochschule/WS 12 13/Streaming Media/Hausarbeit/bilder/projekt/framework
.png>]

! Package inputenc Error: Keyboard character used is undefined
(inputenc)                in inputencoding `latin1'.

See the inputenc package documentation for explanation.
Type  H <return>  for immediate help.
 ...                                              
                                                  
l.711 Bildschirm wird den “
                           low”-Layer mit einer Auflösung von 320x180 anfrag...

You need to provide a definition with \DeclareInputText 
or \DeclareInputMath before using this key.


! Package inputenc Error: Keyboard character used is undefined
(inputenc)                in inputencoding `latin1'.

See the inputenc package documentation for explanation.
Type  H <return>  for immediate help.
 ...                                              
                                                  
l.711 Bildschirm wird den “low”
                               -Layer mit einer Auflösung von 320x180 anfrag...

You need to provide a definition with \DeclareInputText 
or \DeclareInputMath before using this key.


! Package inputenc Error: Keyboard character used is undefined
(inputenc)                in inputencoding `latin1'.

See the inputenc package documentation for explanation.
Type  H <return>  for immediate help.
 ...                                              
                                                  
l.712 ...Rechenleistung zum Dekodieren die Layer “
                                                  low” bis “high” anfragen, ...

You need to provide a definition with \DeclareInputText 
or \DeclareInputMath before using this key.


! Package inputenc Error: Keyboard character used is undefined
(inputenc)                in inputencoding `latin1'.

See the inputenc package documentation for explanation.
Type  H <return>  for immediate help.
 ...                                              
                                                  
l.712 ...enleistung zum Dekodieren die Layer “low”
                                                   bis “high” anfragen, um die
You need to provide a definition with \DeclareInputText 
or \DeclareInputMath before using this key.


! Package inputenc Error: Keyboard character used is undefined
(inputenc)                in inputencoding `latin1'.

See the inputenc package documentation for explanation.
Type  H <return>  for immediate help.
 ...                                              
                                                  
l.712 ...tung zum Dekodieren die Layer “low” bis “
                                                  high” anfragen, um die
You need to provide a definition with \DeclareInputText 
or \DeclareInputMath before using this key.


! Package inputenc Error: Keyboard character used is undefined
(inputenc)                in inputencoding `latin1'.

See the inputenc package documentation for explanation.
Type  H <return>  for immediate help.
 ...                                              
                                                  
l.712 ...zum Dekodieren die Layer “low” bis “high”
                                                   anfragen, um die
You need to provide a definition with \DeclareInputText 
or \DeclareInputMath before using this key.

[25] <bilder/hangouts.jpg, id=144, 1280.785pt x 722.7pt>
File: bilder/hangouts.jpg Graphic file (type jpg)

<use bilder/hangouts.jpg>
Package pdftex.def Info: bilder/hangouts.jpg used on input line 727.
(pdftex.def)             Requested size: 414.32603pt x 233.78299pt.

Overfull \hbox (17.40022pt too wide) in paragraph at lines 732--736
[][]\T1/lmr/m/n/12 Videochat in Goo-gle Talk und Goo-gle Han-gout un-ter-stützt
 bis jetzt den H264-SVC, H264/AVC
 []

[26 <D:/Hochschule/WS 12 13/Streaming Media/Hausarbeit/bilder/hangouts.jpg>]
<bilder/mainConcept.jpg, id=148, 1057.9525pt x 625.33624pt>
File: bilder/mainConcept.jpg Graphic file (type jpg)

<use bilder/mainConcept.jpg>
Package pdftex.def Info: bilder/mainConcept.jpg used on input line 778.
(pdftex.def)             Requested size: 460.36539pt x 272.11449pt.
 [27]
Underfull \hbox (badness 10000) in paragraph at lines 793--795

 []

[28 <D:/Hochschule/WS 12 13/Streaming Media/Hausarbeit/bilder/mainConcept.jpg>]
Kapitel 5.
[29

]
Anhang A.
("D:\Hochschule\WS 12 13\Streaming Media\Hausarbeit\Hausarbeit.lof")
\tf@lof=\write6

! Missing number, treated as zero.
<to be read again> 
                   \relax 
l.831 
      
A number should have been here; I inserted `0'.
(If you can't figure out why I needed to see a number,
look up `weird error' in the index to The TeXbook.)

[1

]
Anhang B.
! Missing number, treated as zero.
<to be read again> 
                   \relax 
l.831 
      
A number should have been here; I inserted `0'.
(If you can't figure out why I needed to see a number,
look up `weird error' in the index to The TeXbook.)

[2

]
! Missing number, treated as zero.
<to be read again> 
                   \relax 
l.831 
      
A number should have been here; I inserted `0'.
(If you can't figure out why I needed to see a number,
look up `weird error' in the index to The TeXbook.)

[3]

! Package inputenc Error: Keyboard character used is undefined
(inputenc)                in inputencoding `latin1'.

See the inputenc package documentation for explanation.
Type  H <return>  for immediate help.
 ...                                              
                                                  
l.831 
      
You need to provide a definition with \DeclareInputText 
or \DeclareInputMath before using this key.


! Package inputenc Error: Keyboard character used is undefined
(inputenc)                in inputencoding `latin1'.

See the inputenc package documentation for explanation.
Type  H <return>  for immediate help.
 ...                                              
                                                  
l.831 
      
You need to provide a definition with \DeclareInputText 
or \DeclareInputMath before using this key.

! Missing number, treated as zero.
<to be read again> 
                   \relax 
l.832 \end{document}
                    
A number should have been here; I inserted `0'.
(If you can't figure out why I needed to see a number,
look up `weird error' in the index to The TeXbook.)

[4] ("D:\Hochschule\WS 12 13\Streaming Media\Hausarbeit\Hausarbeit.aux"
("D:\Hochschule\WS 12 13\Streaming Media\Hausarbeit\deckblatt.aux"))

LaTeX Warning: There were multiply-defined labels.

Package logreq Info: Writing requests to 'Hausarbeit.run.xml'.
 ) 
Here is how much of TeX's memory you used:
 11794 strings out of 494045
 189959 string characters out of 3145966
 440802 words of memory out of 3000000
 14870 multiletter control sequences out of 15000+200000
 71743 words of font info for 51 fonts, out of 3000000 for 9000
 719 hyphenation exceptions out of 8191
 45i,11n,60p,828b,3070s stack positions out of 5000i,500n,10000p,200000b,50000s
{C:/Program Files (x86)/MiKTeX 2.9/fonts/enc/dvips/lm/lm-ec.enc}{C:/Program F
iles (x86)/MiKTeX 2.9/fonts/enc/dvips/lm/lm-mathsy.enc}{C:/Program Files (x86)/
MiKTeX 2.9/fonts/enc/dvips/lm/lm-mathit.enc}<C:/Program Files (x86)/MiKTeX 2.9/
fonts/type1/public/lm/lmbx12.pfb><C:/Program Files (x86)/MiKTeX 2.9/fonts/type1
/public/lm/lmcsc10.pfb><C:/Program Files (x86)/MiKTeX 2.9/fonts/type1/public/lm
/lmmi12.pfb><C:/Program Files (x86)/MiKTeX 2.9/fonts/type1/public/lm/lmmi8.pfb>
<C:/Program Files (x86)/MiKTeX 2.9/fonts/type1/public/lm/lmr10.pfb><C:/Program 
Files (x86)/MiKTeX 2.9/fonts/type1/public/lm/lmr12.pfb><C:/Program Files (x86)/
MiKTeX 2.9/fonts/type1/public/lm/lmr17.pfb><C:/Program Files (x86)/MiKTeX 2.9/f
onts/type1/public/lm/lmr7.pfb><C:/Program Files (x86)/MiKTeX 2.9/fonts/type1/pu
blic/lm/lmr8.pfb><C:/Program Files (x86)/MiKTeX 2.9/fonts/type1/public/lm/lmri1
2.pfb><C:/Program Files (x86)/MiKTeX 2.9/fonts/type1/public/lm/lmssbx10.pfb><C:
/Program Files (x86)/MiKTeX 2.9/fonts/type1/public/lm/lmsy10.pfb><C:/Program Fi
les (x86)/MiKTeX 2.9/fonts/type1/public/lm/lmtt12.pfb>
Output written on Hausarbeit.pdf (36 pages, 3205141 bytes).
PDF statistics:
 216 PDF objects out of 1000 (max. 8388607)
 0 named destinations out of 1000 (max. 500000)
 91 words of extra memory for PDF output out of 10000 (max. 10000000)

